<?xml version="1.0" encoding="UTF-8"?>
<!-- Generated by org.testng.reporters.JUnitReportReporter -->
<testsuite hostname="LAPTOP-23QGU8GH" failures="0" tests="4" name="FrameWork.TestNgEx" time="0.009" errors="0" timestamp="2024-04-26T20:14:46 IST" skipped="0">
  <testcase classname="FrameWork.TestNgEx" name="deleteContact" time="0.001"/>
  <system-out/>
  <testcase classname="FrameWork.TestNgEx" name="modifyContact" time="0.001"/>
  <system-out/>
  <testcase classname="FrameWork.TestNgEx" name="modifyContact" time="0.000"/>
  <system-out/>
  <testcase classname="FrameWork.TestNgEx" name="createContact" time="0.007"/>
  <system-out/>
</testsuite> <!-- FrameWork.TestNgEx -->
